Fitter report for Top
Tue Dec 08 08:39:10 2015
Quartus II Version 9.1 Build 350 03/24/2010 Service Pack 2 SJ Web Edition


---------------------
; Table of Contents ;
---------------------
  1. Legal Notice
  2. Fitter Summary
  3. Fitter Settings
  4. Parallel Compilation
  5. Pin-Out File
  6. Fitter Resource Usage Summary
  7. Input Pins
  8. Output Pins
  9. All Package Pins
 10. I/O Standard
 11. Dedicated Inputs I/O
 12. Output Pin Default Load For Reported TCO
 13. Fitter Resource Utilization by Entity
 14. Control Signals
 15. Global & Other Fast Signals
 16. Non-Global High Fan-Out Signals
 17. Interconnect Usage Summary
 18. LAB Macrocells
 19. Logic Cell Interconnection
 20. Fitter Device Options
 21. Fitter Messages



----------------
; Legal Notice ;
----------------
Copyright (C) 1991-2010 Altera Corporation
Your use of Altera Corporation's design tools, logic functions 
and other software and tools, and its AMPP partner logic 
functions, and any output files from any of the foregoing 
(including device programming or simulation files), and any 
associated documentation or information are expressly subject 
to the terms and conditions of the Altera Program License 
Subscription Agreement, Altera MegaCore Function License 
Agreement, or other applicable license agreement, including, 
without limitation, that your use is for the sole purpose of 
programming logic devices manufactured by Altera and sold by 
Altera or its authorized distributors.  Please refer to the 
applicable agreement for further details.



+----------------------------------------------------------------------+
; Fitter Summary                                                       ;
+-----------------------+----------------------------------------------+
; Fitter Status         ; Successful - Tue Dec 08 08:39:10 2015        ;
; Quartus II Version    ; 9.1 Build 350 03/24/2010 SP 2 SJ Web Edition ;
; Revision Name         ; Top                                          ;
; Top-level Entity Name ; block1                                       ;
; Family                ; MAX7000S                                     ;
; Device                ; EPM7064STC44-10                              ;
; Timing Models         ; Final                                        ;
; Total macrocells      ; 16 / 64 ( 25 % )                             ;
; Total pins            ; 13 / 36 ( 36 % )                             ;
+-----------------------+----------------------------------------------+


+--------------------------------------------------------------------------------------------------------------+
; Fitter Settings                                                                                              ;
+----------------------------------------------------------------------------+-----------------+---------------+
; Option                                                                     ; Setting         ; Default Value ;
+----------------------------------------------------------------------------+-----------------+---------------+
; Device                                                                     ; EPM7064STC44-10 ;               ;
; Use smart compilation                                                      ; Off             ; Off           ;
; Enable parallel Assembler and TimeQuest Timing Analyzer during compilation ; On              ; On            ;
; Enable compact report table                                                ; Off             ; Off           ;
; Use TimeQuest Timing Analyzer                                              ; Off             ; Off           ;
; Optimize Timing for ECOs                                                   ; Off             ; Off           ;
; Regenerate full fit report during ECO compiles                             ; Off             ; Off           ;
; Optimize IOC Register Placement for Timing                                 ; On              ; On            ;
; Limit to One Fitting Attempt                                               ; Off             ; Off           ;
; Fitter Initial Placement Seed                                              ; 1               ; 1             ;
; Slow Slew Rate                                                             ; Off             ; Off           ;
; Fitter Effort                                                              ; Auto Fit        ; Auto Fit      ;
; Force Fitter to Avoid Periphery Placement Warnings                         ; Off             ; Off           ;
; Use Best Effort Settings for Compilation                                   ; Off             ; Off           ;
+----------------------------------------------------------------------------+-----------------+---------------+


Parallel compilation was disabled, but you have multiple processors available. Enable parallel compilation to reduce compilation time.
+-------------------------------------+
; Parallel Compilation                ;
+----------------------------+--------+
; Processors                 ; Number ;
+----------------------------+--------+
; Number detected on machine ; 2      ;
; Maximum allowed            ; 1      ;
+----------------------------+--------+


+--------------+
; Pin-Out File ;
+--------------+
The pin-out file can be found in C:/Users/Stache/Documents/quartus/u1-design/SchematicBased/Top.pin.


+-----------------------------------------------------------------+
; Fitter Resource Usage Summary                                   ;
+-----------------------------------+-----------------------------+
; Resource                          ; Usage                       ;
+-----------------------------------+-----------------------------+
; Logic cells                       ; 16 / 64 ( 25 % )            ;
; Registers                         ; 16 / 64 ( 25 % )            ;
; Number of pterms used             ; 15                          ;
; User inserted logic elements      ; 0                           ;
; I/O pins                          ; 13 / 36 ( 36 % )            ;
;     -- Clock pins                 ; 1 / 2 ( 50 % )              ;
;     -- Dedicated input pins       ; 0 / 2 ( 0 % )               ;
; Global signals                    ; 1                           ;
; Shareable expanders               ; 0 / 64 ( 0 % )              ;
; Parallel expanders                ; 0 / 60 ( 0 % )              ;
; Cells using turbo bit             ; 16 / 64 ( 25 % )            ;
; Maximum fan-out node              ; clock                       ;
; Maximum fan-out                   ; 16                          ;
; Highest non-global fan-out signal ; lpm_counter:q_rtl_0|dffs[0] ;
; Highest non-global fan-out        ; 15                          ;
; Total fan-out                     ; 144                         ;
; Average fan-out                   ; 4.97                        ;
+-----------------------------------+-----------------------------+


+---------------------------------------------------------------------------------------------------------------------------------------------+
; Input Pins                                                                                                                                  ;
+-------+-------+----------+-----+-----------------------+--------------------+--------+----------------+--------------+----------------------+
; Name  ; Pin # ; I/O Bank ; LAB ; Combinational Fan-Out ; Registered Fan-Out ; Global ; Input Register ; I/O Standard ; Location assigned by ;
+-------+-------+----------+-----+-----------------------+--------------------+--------+----------------+--------------+----------------------+
; clock ; 37    ; --       ; --  ; 16                    ; 0                  ; yes    ; no             ; TTL          ; User                 ;
+-------+-------+----------+-----+-----------------------+--------------------+--------+----------------+--------------+----------------------+


+------------------------------------------------------------------------------------------------------------------------------------------------------------------------------------------+
; Output Pins                                                                                                                                                                              ;
+------+-------+----------+-----+-----------------+----------------+------------+---------------+--------------+----------------------+-------+----------------------+---------------------+
; Name ; Pin # ; I/O Bank ; LAB ; Output Register ; Slow Slew Rate ; Open Drain ; TRI Primitive ; I/O Standard ; Location assigned by ; Load  ; Output Enable Source ; Output Enable Group ;
+------+-------+----------+-----+-----------------+----------------+------------+---------------+--------------+----------------------+-------+----------------------+---------------------+
; IO10 ; 10    ; --       ; 2   ; no              ; no             ; no         ; no            ; TTL          ; User                 ; 10 pF ; -                    ; -                   ;
; IO11 ; 11    ; --       ; 2   ; no              ; no             ; no         ; no            ; TTL          ; User                 ; 10 pF ; -                    ; -                   ;
; IO12 ; 12    ; --       ; 2   ; no              ; no             ; no         ; no            ; TTL          ; User                 ; 10 pF ; -                    ; -                   ;
; IO2  ; 2     ; --       ; 1   ; no              ; no             ; no         ; no            ; TTL          ; User                 ; 10 pF ; -                    ; -                   ;
; IO3  ; 3     ; --       ; 1   ; no              ; no             ; no         ; no            ; TTL          ; User                 ; 10 pF ; -                    ; -                   ;
; IO5  ; 5     ; --       ; 1   ; no              ; no             ; no         ; no            ; TTL          ; User                 ; 10 pF ; -                    ; -                   ;
; IO6  ; 6     ; --       ; 1   ; no              ; no             ; no         ; no            ; TTL          ; User                 ; 10 pF ; -                    ; -                   ;
; IO8  ; 8     ; --       ; 2   ; no              ; no             ; no         ; no            ; TTL          ; User                 ; 10 pF ; -                    ; -                   ;
+------+-------+----------+-----+-----------------+----------------+------------+---------------+--------------+----------------------+-------+----------------------+---------------------+


+-------------------------------------------------------------------------------------------------------+
; All Package Pins                                                                                      ;
+----------+------------+----------+----------------+--------+--------------+---------+-----------------+
; Location ; Pad Number ; I/O Bank ; Pin Name/Usage ; Dir.   ; I/O Standard ; Voltage ; User Assignment ;
+----------+------------+----------+----------------+--------+--------------+---------+-----------------+
; 1        ; 6          ; --       ; TDI            ; input  ; TTL          ;         ; N               ;
; 2        ; 7          ; --       ; IO2            ; output ; TTL          ;         ; Y               ;
; 3        ; 8          ; --       ; IO3            ; output ; TTL          ;         ; Y               ;
; 4        ; 9          ; --       ; GND            ; gnd    ;              ;         ;                 ;
; 5        ; 10         ; --       ; IO5            ; output ; TTL          ;         ; Y               ;
; 6        ; 11         ; --       ; IO6            ; output ; TTL          ;         ; Y               ;
; 7        ; 12         ; --       ; TMS            ; input  ; TTL          ;         ; N               ;
; 8        ; 13         ; --       ; IO8            ; output ; TTL          ;         ; Y               ;
; 9        ; 14         ; --       ; VCC            ; power  ;              ;         ;                 ;
; 10       ; 15         ; --       ; IO10           ; output ; TTL          ;         ; Y               ;
; 11       ; 16         ; --       ; IO11           ; output ; TTL          ;         ; Y               ;
; 12       ; 17         ; --       ; IO12           ; output ; TTL          ;         ; Y               ;
; 13       ; 18         ; --       ; RESERVED       ;        ;              ;         ;                 ;
; 14       ; 19         ; --       ; RESERVED       ;        ;              ;         ;                 ;
; 15       ; 20         ; --       ; RESERVED       ;        ;              ;         ;                 ;
; 16       ; 21         ; --       ; GND            ; gnd    ;              ;         ;                 ;
; 17       ; 22         ; --       ; VCC            ; power  ;              ;         ;                 ;
; 18       ; 23         ; --       ; RESERVED       ;        ;              ;         ;                 ;
; 19       ; 24         ; --       ; RESERVED       ;        ;              ;         ;                 ;
; 20       ; 25         ; --       ; RESERVED       ;        ;              ;         ;                 ;
; 21       ; 26         ; --       ; RESERVED       ;        ;              ;         ;                 ;
; 22       ; 27         ; --       ; RESERVED       ;        ;              ;         ;                 ;
; 23       ; 28         ; --       ; RESERVED       ;        ;              ;         ;                 ;
; 24       ; 29         ; --       ; GND            ; gnd    ;              ;         ;                 ;
; 25       ; 30         ; --       ; RESERVED       ;        ;              ;         ;                 ;
; 26       ; 31         ; --       ; TCK            ; input  ; TTL          ;         ; N               ;
; 27       ; 32         ; --       ; RESERVED       ;        ;              ;         ;                 ;
; 28       ; 33         ; --       ; RESERVED       ;        ;              ;         ;                 ;
; 29       ; 34         ; --       ; VCC            ; power  ;              ;         ;                 ;
; 30       ; 35         ; --       ; RESERVED       ;        ;              ;         ;                 ;
; 31       ; 36         ; --       ; RESERVED       ;        ;              ;         ;                 ;
; 32       ; 37         ; --       ; TDO            ; output ; TTL          ;         ; N               ;
; 33       ; 38         ; --       ; RESERVED       ;        ;              ;         ;                 ;
; 34       ; 39         ; --       ; RESERVED       ;        ;              ;         ;                 ;
; 35       ; 40         ; --       ; RESERVED       ;        ;              ;         ;                 ;
; 36       ; 41         ; --       ; GND            ; gnd    ;              ;         ;                 ;
; 37       ; 42         ; --       ; clock          ; input  ; TTL          ;         ; Y               ;
; 38       ; 43         ; --       ; GND+           ;        ;              ;         ;                 ;
; 39       ; 0          ; --       ; GND+           ;        ;              ;         ;                 ;
; 40       ; 1          ; --       ; GND+           ;        ;              ;         ;                 ;
; 41       ; 2          ; --       ; VCC            ; power  ;              ;         ;                 ;
; 42       ; 3          ; --       ; RESERVED       ;        ;              ;         ;                 ;
; 43       ; 4          ; --       ; RESERVED       ;        ;              ;         ;                 ;
; 44       ; 5          ; --       ; RESERVED       ;        ;              ;         ;                 ;
+----------+------------+----------+----------------+--------+--------------+---------+-----------------+
Note: Pin directions (input, output or bidir) are based on device operating in user mode.


+--------------------------------------------------------------------------------------------------+
; I/O Standard                                                                                     ;
+--------------+------------+----------------------+-------------------+-------------------+-------+
; I/O Standard ; Input Vref ; Dedicated Input Pins ; Pins in I/O Bank1 ; Pins in I/O Bank2 ; Total ;
+--------------+------------+----------------------+-------------------+-------------------+-------+
; TTL          ; -          ; 1                    ; 0                 ; 0                 ; 1     ;
+--------------+------------+----------------------+-------------------+-------------------+-------+


+---------------------------------------------------------------------+
; Dedicated Inputs I/O                                                ;
+-------+-------+-------+-------+--------------+------------+---------+
; Name  ; Pin # ; Type  ; VCCIO ; I/O Standard ; Input Vref ; Current ;
+-------+-------+-------+-------+--------------+------------+---------+
; clock ; 37    ; Input ; --    ; TTL          ; -          ; 0 mA    ;
+-------+-------+-------+-------+--------------+------------+---------+


+-----------------------------------------------+
; Output Pin Default Load For Reported TCO      ;
+--------------+-------+------------------------+
; I/O Standard ; Load  ; Termination Resistance ;
+--------------+-------+------------------------+
; TTL          ; 10 pF ; Not Available          ;
+--------------+-------+------------------------+
Note: User assignments will override these defaults. The user specified values are listed in the Output Pins and Bidir Pins tables.


+---------------------------------------------------------------------------------------------+
; Fitter Resource Utilization by Entity                                                       ;
+----------------------------+------------+------+-----------------------------+--------------+
; Compilation Hierarchy Node ; Macrocells ; Pins ; Full Hierarchy Name         ; Library Name ;
+----------------------------+------------+------+-----------------------------+--------------+
; |block1                    ; 16         ; 13   ; |block1                     ; work         ;
;    |lpm_counter:q_rtl_0|   ; 16         ; 0    ; |block1|lpm_counter:q_rtl_0 ; work         ;
+----------------------------+------------+------+-----------------------------+--------------+


+---------------------------------------------------------------------------------------+
; Control Signals                                                                       ;
+-------+----------+---------+-------+--------+----------------------+------------------+
; Name  ; Location ; Fan-Out ; Usage ; Global ; Global Resource Used ; Global Line Name ;
+-------+----------+---------+-------+--------+----------------------+------------------+
; clock ; PIN_37   ; 16      ; Clock ; yes    ; On                   ; --               ;
+-------+----------+---------+-------+--------+----------------------+------------------+


+----------------------------------------------------------------------+
; Global & Other Fast Signals                                          ;
+-------+----------+---------+----------------------+------------------+
; Name  ; Location ; Fan-Out ; Global Resource Used ; Global Line Name ;
+-------+----------+---------+----------------------+------------------+
; clock ; PIN_37   ; 16      ; On                   ; --               ;
+-------+----------+---------+----------------------+------------------+


+----------------------------------------+
; Non-Global High Fan-Out Signals        ;
+------------------------------+---------+
; Name                         ; Fan-Out ;
+------------------------------+---------+
; lpm_counter:q_rtl_0|dffs[0]  ; 15      ;
; lpm_counter:q_rtl_0|dffs[1]  ; 14      ;
; lpm_counter:q_rtl_0|dffs[2]  ; 13      ;
; lpm_counter:q_rtl_0|dffs[3]  ; 12      ;
; lpm_counter:q_rtl_0|dffs[4]  ; 11      ;
; lpm_counter:q_rtl_0|dffs[5]  ; 10      ;
; lpm_counter:q_rtl_0|dffs[6]  ; 9       ;
; lpm_counter:q_rtl_0|dffs[8]  ; 8       ;
; lpm_counter:q_rtl_0|dffs[7]  ; 8       ;
; lpm_counter:q_rtl_0|dffs[9]  ; 7       ;
; lpm_counter:q_rtl_0|dffs[10] ; 6       ;
; lpm_counter:q_rtl_0|dffs[11] ; 5       ;
; lpm_counter:q_rtl_0|dffs[12] ; 4       ;
; lpm_counter:q_rtl_0|dffs[13] ; 3       ;
; lpm_counter:q_rtl_0|dffs[14] ; 2       ;
; lpm_counter:q_rtl_0|dffs[15] ; 1       ;
+------------------------------+---------+


+------------------------------------------------+
; Interconnect Usage Summary                     ;
+----------------------------+-------------------+
; Interconnect Resource Type ; Usage             ;
+----------------------------+-------------------+
; Output enables             ; 0 / 6 ( 0 % )     ;
; PIA buffers                ; 26 / 144 ( 18 % ) ;
+----------------------------+-------------------+


+----------------------------------------------------------------------+
; LAB Macrocells                                                       ;
+----------------------------------------+-----------------------------+
; Number of Macrocells  (Average = 4.00) ; Number of LABs  (Total = 2) ;
+----------------------------------------+-----------------------------+
; 0                                      ; 2                           ;
; 1                                      ; 0                           ;
; 2                                      ; 0                           ;
; 3                                      ; 0                           ;
; 4                                      ; 1                           ;
; 5                                      ; 0                           ;
; 6                                      ; 0                           ;
; 7                                      ; 0                           ;
; 8                                      ; 0                           ;
; 9                                      ; 0                           ;
; 10                                     ; 0                           ;
; 11                                     ; 0                           ;
; 12                                     ; 1                           ;
+----------------------------------------+-----------------------------+


+--------------------------------------------------------------------------------------------------------------------------------------------------------------------------------------------------------------------------------------------------------------------------------------------------------------------------------------------------------------------------------------------------------------------------------------------------------------------------------------------------------------------------------------------------------------------------------------------------------------------------------------------------------------------------------------------------------------------------------------------------------------------------------------------------------------------------------------------------------------------------------------------------------------------------------------------+
; Logic Cell Interconnection                                                                                                                                                                                                                                                                                                                                                                                                                                                                                                                                                                                                                                                                                                                                                                                                                                                                                                                 ;
+-----+------------+---------------------------------------------------------------------------------------------------------------------------------------------------------------------------------------------------------------------------------------------------------------------------------------------------------------------------------------------------------------------------------------------------------------------------------------------------------------+---------------------------------------------------------------------------------------------------------------------------------------------------------------------------------------------------------------------------------------------------------------------------------------------------------------------------------------------------------------------------------------------------------------------------------------------------------+
; LAB ; Logic Cell ; Input                                                                                                                                                                                                                                                                                                                                                                                                                                                         ; Output                                                                                                                                                                                                                                                                                                                                                                                                                                                  ;
+-----+------------+---------------------------------------------------------------------------------------------------------------------------------------------------------------------------------------------------------------------------------------------------------------------------------------------------------------------------------------------------------------------------------------------------------------------------------------------------------------+---------------------------------------------------------------------------------------------------------------------------------------------------------------------------------------------------------------------------------------------------------------------------------------------------------------------------------------------------------------------------------------------------------------------------------------------------------+
;  A  ; LC1        ; clock, lpm_counter:q_rtl_0|dffs[1], lpm_counter:q_rtl_0|dffs[0], lpm_counter:q_rtl_0|dffs[2], lpm_counter:q_rtl_0|dffs[3], lpm_counter:q_rtl_0|dffs[4], lpm_counter:q_rtl_0|dffs[5], lpm_counter:q_rtl_0|dffs[6], lpm_counter:q_rtl_0|dffs[7], lpm_counter:q_rtl_0|dffs[8], lpm_counter:q_rtl_0|dffs[9], lpm_counter:q_rtl_0|dffs[10], lpm_counter:q_rtl_0|dffs[11]                                                                                           ; IO6, lpm_counter:q_rtl_0|dffs[13], lpm_counter:q_rtl_0|dffs[14], lpm_counter:q_rtl_0|dffs[15]                                                                                                                                                                                                                                                                                                                                                           ;
;  A  ; LC3        ; clock, lpm_counter:q_rtl_0|dffs[1], lpm_counter:q_rtl_0|dffs[0], lpm_counter:q_rtl_0|dffs[2], lpm_counter:q_rtl_0|dffs[3], lpm_counter:q_rtl_0|dffs[4], lpm_counter:q_rtl_0|dffs[5], lpm_counter:q_rtl_0|dffs[6], lpm_counter:q_rtl_0|dffs[7], lpm_counter:q_rtl_0|dffs[8], lpm_counter:q_rtl_0|dffs[9], lpm_counter:q_rtl_0|dffs[10], lpm_counter:q_rtl_0|dffs[11], lpm_counter:q_rtl_0|dffs[12]                                                             ; IO5, lpm_counter:q_rtl_0|dffs[14], lpm_counter:q_rtl_0|dffs[15]                                                                                                                                                                                                                                                                                                                                                                                         ;
;  A  ; LC4        ; clock, lpm_counter:q_rtl_0|dffs[1], lpm_counter:q_rtl_0|dffs[0], lpm_counter:q_rtl_0|dffs[2], lpm_counter:q_rtl_0|dffs[3], lpm_counter:q_rtl_0|dffs[4], lpm_counter:q_rtl_0|dffs[5], lpm_counter:q_rtl_0|dffs[6], lpm_counter:q_rtl_0|dffs[7], lpm_counter:q_rtl_0|dffs[8], lpm_counter:q_rtl_0|dffs[9], lpm_counter:q_rtl_0|dffs[10], lpm_counter:q_rtl_0|dffs[11], lpm_counter:q_rtl_0|dffs[12], lpm_counter:q_rtl_0|dffs[13]                               ; IO3, lpm_counter:q_rtl_0|dffs[15]                                                                                                                                                                                                                                                                                                                                                                                                                       ;
;  A  ; LC5        ; clock, lpm_counter:q_rtl_0|dffs[1], lpm_counter:q_rtl_0|dffs[0], lpm_counter:q_rtl_0|dffs[2], lpm_counter:q_rtl_0|dffs[3], lpm_counter:q_rtl_0|dffs[4], lpm_counter:q_rtl_0|dffs[5], lpm_counter:q_rtl_0|dffs[6], lpm_counter:q_rtl_0|dffs[7], lpm_counter:q_rtl_0|dffs[8], lpm_counter:q_rtl_0|dffs[9], lpm_counter:q_rtl_0|dffs[10], lpm_counter:q_rtl_0|dffs[11], lpm_counter:q_rtl_0|dffs[12], lpm_counter:q_rtl_0|dffs[13], lpm_counter:q_rtl_0|dffs[14] ; IO2                                                                                                                                                                                                                                                                                                                                                                                                                                                     ;
;  B  ; LC18       ; clock                                                                                                                                                                                                                                                                                                                                                                                                                                                         ; lpm_counter:q_rtl_0|dffs[1], lpm_counter:q_rtl_0|dffs[2], lpm_counter:q_rtl_0|dffs[3], lpm_counter:q_rtl_0|dffs[4], lpm_counter:q_rtl_0|dffs[5], lpm_counter:q_rtl_0|dffs[6], lpm_counter:q_rtl_0|dffs[7], lpm_counter:q_rtl_0|dffs[8], lpm_counter:q_rtl_0|dffs[9], lpm_counter:q_rtl_0|dffs[10], lpm_counter:q_rtl_0|dffs[11], lpm_counter:q_rtl_0|dffs[12], lpm_counter:q_rtl_0|dffs[13], lpm_counter:q_rtl_0|dffs[14], lpm_counter:q_rtl_0|dffs[15] ;
;  B  ; LC19       ; clock, lpm_counter:q_rtl_0|dffs[0]                                                                                                                                                                                                                                                                                                                                                                                                                            ; lpm_counter:q_rtl_0|dffs[2], lpm_counter:q_rtl_0|dffs[3], lpm_counter:q_rtl_0|dffs[4], lpm_counter:q_rtl_0|dffs[5], lpm_counter:q_rtl_0|dffs[6], lpm_counter:q_rtl_0|dffs[7], lpm_counter:q_rtl_0|dffs[8], lpm_counter:q_rtl_0|dffs[9], lpm_counter:q_rtl_0|dffs[10], lpm_counter:q_rtl_0|dffs[11], lpm_counter:q_rtl_0|dffs[12], lpm_counter:q_rtl_0|dffs[13], lpm_counter:q_rtl_0|dffs[14], lpm_counter:q_rtl_0|dffs[15]                              ;
;  B  ; LC20       ; clock, lpm_counter:q_rtl_0|dffs[1], lpm_counter:q_rtl_0|dffs[0]                                                                                                                                                                                                                                                                                                                                                                                               ; lpm_counter:q_rtl_0|dffs[3], lpm_counter:q_rtl_0|dffs[4], lpm_counter:q_rtl_0|dffs[5], lpm_counter:q_rtl_0|dffs[6], lpm_counter:q_rtl_0|dffs[7], lpm_counter:q_rtl_0|dffs[8], lpm_counter:q_rtl_0|dffs[9], lpm_counter:q_rtl_0|dffs[10], lpm_counter:q_rtl_0|dffs[11], lpm_counter:q_rtl_0|dffs[12], lpm_counter:q_rtl_0|dffs[13], lpm_counter:q_rtl_0|dffs[14], lpm_counter:q_rtl_0|dffs[15]                                                           ;
;  B  ; LC26       ; clock, lpm_counter:q_rtl_0|dffs[1], lpm_counter:q_rtl_0|dffs[0], lpm_counter:q_rtl_0|dffs[2]                                                                                                                                                                                                                                                                                                                                                                  ; lpm_counter:q_rtl_0|dffs[4], lpm_counter:q_rtl_0|dffs[5], lpm_counter:q_rtl_0|dffs[6], lpm_counter:q_rtl_0|dffs[7], lpm_counter:q_rtl_0|dffs[8], lpm_counter:q_rtl_0|dffs[9], lpm_counter:q_rtl_0|dffs[10], lpm_counter:q_rtl_0|dffs[11], lpm_counter:q_rtl_0|dffs[12], lpm_counter:q_rtl_0|dffs[13], lpm_counter:q_rtl_0|dffs[14], lpm_counter:q_rtl_0|dffs[15]                                                                                        ;
;  B  ; LC28       ; clock, lpm_counter:q_rtl_0|dffs[1], lpm_counter:q_rtl_0|dffs[0], lpm_counter:q_rtl_0|dffs[2], lpm_counter:q_rtl_0|dffs[3]                                                                                                                                                                                                                                                                                                                                     ; lpm_counter:q_rtl_0|dffs[5], lpm_counter:q_rtl_0|dffs[6], lpm_counter:q_rtl_0|dffs[7], lpm_counter:q_rtl_0|dffs[8], lpm_counter:q_rtl_0|dffs[9], lpm_counter:q_rtl_0|dffs[10], lpm_counter:q_rtl_0|dffs[11], lpm_counter:q_rtl_0|dffs[12], lpm_counter:q_rtl_0|dffs[13], lpm_counter:q_rtl_0|dffs[14], lpm_counter:q_rtl_0|dffs[15]                                                                                                                     ;
;  B  ; LC17       ; clock, lpm_counter:q_rtl_0|dffs[1], lpm_counter:q_rtl_0|dffs[0], lpm_counter:q_rtl_0|dffs[2], lpm_counter:q_rtl_0|dffs[3], lpm_counter:q_rtl_0|dffs[4]                                                                                                                                                                                                                                                                                                        ; lpm_counter:q_rtl_0|dffs[6], lpm_counter:q_rtl_0|dffs[7], lpm_counter:q_rtl_0|dffs[8], lpm_counter:q_rtl_0|dffs[9], lpm_counter:q_rtl_0|dffs[10], lpm_counter:q_rtl_0|dffs[11], lpm_counter:q_rtl_0|dffs[12], lpm_counter:q_rtl_0|dffs[13], lpm_counter:q_rtl_0|dffs[14], lpm_counter:q_rtl_0|dffs[15]                                                                                                                                                  ;
;  B  ; LC22       ; clock, lpm_counter:q_rtl_0|dffs[1], lpm_counter:q_rtl_0|dffs[0], lpm_counter:q_rtl_0|dffs[2], lpm_counter:q_rtl_0|dffs[3], lpm_counter:q_rtl_0|dffs[4], lpm_counter:q_rtl_0|dffs[5]                                                                                                                                                                                                                                                                           ; lpm_counter:q_rtl_0|dffs[7], lpm_counter:q_rtl_0|dffs[8], lpm_counter:q_rtl_0|dffs[9], lpm_counter:q_rtl_0|dffs[10], lpm_counter:q_rtl_0|dffs[11], lpm_counter:q_rtl_0|dffs[12], lpm_counter:q_rtl_0|dffs[13], lpm_counter:q_rtl_0|dffs[14], lpm_counter:q_rtl_0|dffs[15]                                                                                                                                                                               ;
;  B  ; LC23       ; clock, lpm_counter:q_rtl_0|dffs[1], lpm_counter:q_rtl_0|dffs[0], lpm_counter:q_rtl_0|dffs[2], lpm_counter:q_rtl_0|dffs[3], lpm_counter:q_rtl_0|dffs[4], lpm_counter:q_rtl_0|dffs[5], lpm_counter:q_rtl_0|dffs[6]                                                                                                                                                                                                                                              ; lpm_counter:q_rtl_0|dffs[8], lpm_counter:q_rtl_0|dffs[9], lpm_counter:q_rtl_0|dffs[10], lpm_counter:q_rtl_0|dffs[11], lpm_counter:q_rtl_0|dffs[12], lpm_counter:q_rtl_0|dffs[13], lpm_counter:q_rtl_0|dffs[14], lpm_counter:q_rtl_0|dffs[15]                                                                                                                                                                                                            ;
;  B  ; LC21       ; clock, lpm_counter:q_rtl_0|dffs[1], lpm_counter:q_rtl_0|dffs[0], lpm_counter:q_rtl_0|dffs[2], lpm_counter:q_rtl_0|dffs[3], lpm_counter:q_rtl_0|dffs[4], lpm_counter:q_rtl_0|dffs[5], lpm_counter:q_rtl_0|dffs[6], lpm_counter:q_rtl_0|dffs[7]                                                                                                                                                                                                                 ; IO12, lpm_counter:q_rtl_0|dffs[9], lpm_counter:q_rtl_0|dffs[10], lpm_counter:q_rtl_0|dffs[11], lpm_counter:q_rtl_0|dffs[12], lpm_counter:q_rtl_0|dffs[13], lpm_counter:q_rtl_0|dffs[14], lpm_counter:q_rtl_0|dffs[15]                                                                                                                                                                                                                                   ;
;  B  ; LC24       ; clock, lpm_counter:q_rtl_0|dffs[1], lpm_counter:q_rtl_0|dffs[0], lpm_counter:q_rtl_0|dffs[2], lpm_counter:q_rtl_0|dffs[3], lpm_counter:q_rtl_0|dffs[4], lpm_counter:q_rtl_0|dffs[5], lpm_counter:q_rtl_0|dffs[6], lpm_counter:q_rtl_0|dffs[7], lpm_counter:q_rtl_0|dffs[8]                                                                                                                                                                                    ; IO11, lpm_counter:q_rtl_0|dffs[10], lpm_counter:q_rtl_0|dffs[11], lpm_counter:q_rtl_0|dffs[12], lpm_counter:q_rtl_0|dffs[13], lpm_counter:q_rtl_0|dffs[14], lpm_counter:q_rtl_0|dffs[15]                                                                                                                                                                                                                                                                ;
;  B  ; LC25       ; clock, lpm_counter:q_rtl_0|dffs[1], lpm_counter:q_rtl_0|dffs[0], lpm_counter:q_rtl_0|dffs[2], lpm_counter:q_rtl_0|dffs[3], lpm_counter:q_rtl_0|dffs[4], lpm_counter:q_rtl_0|dffs[5], lpm_counter:q_rtl_0|dffs[6], lpm_counter:q_rtl_0|dffs[7], lpm_counter:q_rtl_0|dffs[8], lpm_counter:q_rtl_0|dffs[9]                                                                                                                                                       ; IO10, lpm_counter:q_rtl_0|dffs[11], lpm_counter:q_rtl_0|dffs[12], lpm_counter:q_rtl_0|dffs[13], lpm_counter:q_rtl_0|dffs[14], lpm_counter:q_rtl_0|dffs[15]                                                                                                                                                                                                                                                                                              ;
;  B  ; LC30       ; clock, lpm_counter:q_rtl_0|dffs[1], lpm_counter:q_rtl_0|dffs[0], lpm_counter:q_rtl_0|dffs[2], lpm_counter:q_rtl_0|dffs[3], lpm_counter:q_rtl_0|dffs[4], lpm_counter:q_rtl_0|dffs[5], lpm_counter:q_rtl_0|dffs[6], lpm_counter:q_rtl_0|dffs[7], lpm_counter:q_rtl_0|dffs[8], lpm_counter:q_rtl_0|dffs[9], lpm_counter:q_rtl_0|dffs[10]                                                                                                                         ; IO8, lpm_counter:q_rtl_0|dffs[12], lpm_counter:q_rtl_0|dffs[13], lpm_counter:q_rtl_0|dffs[14], lpm_counter:q_rtl_0|dffs[15]                                                                                                                                                                                                                                                                                                                             ;
+-----+------------+---------------------------------------------------------------------------------------------------------------------------------------------------------------------------------------------------------------------------------------------------------------------------------------------------------------------------------------------------------------------------------------------------------------------------------------------------------------+---------------------------------------------------------------------------------------------------------------------------------------------------------------------------------------------------------------------------------------------------------------------------------------------------------------------------------------------------------------------------------------------------------------------------------------------------------+


+---------------------------------------------------------------+
; Fitter Device Options                                         ;
+----------------------------------------------+----------------+
; Option                                       ; Setting        ;
+----------------------------------------------+----------------+
; Enable user-supplied start-up clock (CLKUSR) ; Off            ;
; Enable device-wide reset (DEV_CLRn)          ; Off            ;
; Enable device-wide output enable (DEV_OE)    ; Off            ;
; Enable INIT_DONE output                      ; Off            ;
; Configuration scheme                         ; Passive Serial ;
; Security bit                                 ; Off            ;
; Base pin-out file on sameframe device        ; Off            ;
+----------------------------------------------+----------------+


+-----------------+
; Fitter Messages ;
+-----------------+
Info: *******************************************************************
Info: Running Quartus II Fitter
    Info: Version 9.1 Build 350 03/24/2010 Service Pack 2 SJ Web Edition
    Info: Processing started: Tue Dec 08 08:39:10 2015
Info: Command: quartus_fit --read_settings_files=off --write_settings_files=off Top -c Top
Info: Selected device EPM7064STC44-10 for design "Top"
Info: Quartus II Fitter was successful. 0 errors, 0 warnings
    Info: Peak virtual memory: 187 megabytes
    Info: Processing ended: Tue Dec 08 08:39:10 2015
    Info: Elapsed time: 00:00:00
    Info: Total CPU time (on all processors): 00:00:00


